etc/proguard/0.1.11/mapping.txt
com.gmail.altakey.dawne.ViewActivity -> com.gmail.altakey.dawne.ViewActivity:
    void onCreate(android.os.Bundle) -> onCreate
    boolean dispatchKeyEvent(android.view.KeyEvent) -> dispatchKeyEvent
com.gmail.altakey.dawne.ViewActivity$LoadTextTask -> r:
    android.app.ProgressDialog progressDialog -> a
    com.gmail.altakey.dawne.ViewActivity this$0 -> b
    void onPreExecute() -> onPreExecute
    void onPostExecute(java.lang.Object) -> onPostExecute
    java.lang.Object doInBackground(java.lang.Object[]) -> doInBackground
com.gmail.altakey.dawne.ViewActivity$TextLoaderParam -> s:
    android.content.Context context -> a
    android.net.Uri uri -> b
    java.lang.String charset -> c
org.mozilla.intl.chardet.Big5Statistics -> t:
    float[] mFirstByteFreq -> a
    float mFirstByteWeight -> b
    float[] mSecondByteFreq -> c
    float mSecondByteWeight -> d
    float[] mFirstByteFreq() -> a
    float mFirstByteWeight() -> b
    float[] mSecondByteFreq() -> c
    float mSecondByteWeight() -> d
org.mozilla.intl.chardet.EUCJPStatistics -> u:
    float[] mFirstByteFreq -> a
    float mFirstByteWeight -> b
    float[] mSecondByteFreq -> c
    float mSecondByteWeight -> d
    float[] mFirstByteFreq() -> a
    float mFirstByteWeight() -> b
    float[] mSecondByteFreq() -> c
    float mSecondByteWeight() -> d
org.mozilla.intl.chardet.EUCKRStatistics -> v:
    float[] mFirstByteFreq -> a
    float mFirstByteWeight -> b
    float[] mSecondByteFreq -> c
    float mSecondByteWeight -> d
    float[] mFirstByteFreq() -> a
    float mFirstByteWeight() -> b
    float[] mSecondByteFreq() -> c
    float mSecondByteWeight() -> d
org.mozilla.intl.chardet.EUCTWStatistics -> w:
    float[] mFirstByteFreq -> a
    float mFirstByteWeight -> b
    float[] mSecondByteFreq -> c
    float mSecondByteWeight -> d
    float[] mFirstByteFreq() -> a
    float mFirstByteWeight() -> b
    float[] mSecondByteFreq() -> c
    float mSecondByteWeight() -> d
org.mozilla.intl.chardet.GB2312Statistics -> x:
    float[] mFirstByteFreq -> a
    float mFirstByteWeight -> b
    float[] mSecondByteFreq -> c
    float mSecondByteWeight -> d
    float[] mFirstByteFreq() -> a
    float mFirstByteWeight() -> b
    float[] mSecondByteFreq() -> c
    float mSecondByteWeight() -> d
org.mozilla.intl.chardet.nsBIG5Verifier -> y:
    int[] cclass -> a
    int[] states -> b
    int stFactor -> c
    java.lang.String charset -> d
    int[] cclass() -> a
    int[] states() -> b
    int stFactor() -> c
    java.lang.String charset() -> d
    boolean isUCS2() -> e
org.mozilla.intl.chardet.nsCP1252Verifier -> z:
    int[] cclass -> a
    int[] states -> b
    int stFactor -> c
    java.lang.String charset -> d
    int[] cclass() -> a
    int[] states() -> b
    int stFactor() -> c
    java.lang.String charset() -> d
    boolean isUCS2() -> e
org.mozilla.intl.chardet.nsDetector -> A:
    org.mozilla.intl.chardet.nsICharsetDetectionObserver mObserver -> a
    void Report(java.lang.String) -> a
org.mozilla.intl.chardet.nsEUCJPVerifier -> B:
    int[] cclass -> a
    int[] states -> b
    int stFactor -> c
    java.lang.String charset -> d
    int[] cclass() -> a
    int[] states() -> b
    int stFactor() -> c
    java.lang.String charset() -> d
    boolean isUCS2() -> e
org.mozilla.intl.chardet.nsEUCKRVerifier -> C:
    int[] cclass -> a
    int[] states -> b
    int stFactor -> c
    java.lang.String charset -> d
    int[] cclass() -> a
    int[] states() -> b
    int stFactor() -> c
    java.lang.String charset() -> d
    boolean isUCS2() -> e
org.mozilla.intl.chardet.nsEUCSampler -> D:
    int mTotal -> a
    int mThreshold -> b
    int mState -> c
    int[] mFirstByteCnt -> d
    int[] mSecondByteCnt -> e
    float[] mFirstByteFreq -> f
    float[] mSecondByteFreq -> g
    void Reset() -> a
    float GetScore(float[],float[]) -> a